<?xml version="1.0" encoding="UTF-8"?>
<!-- Generated by org.testng.reporters.JUnitXMLReporter -->
<testsuite ignored="0" hostname="SUFIYAN" failures="1" tests="1" name="Positive Test Case" time="48.259" errors="0" timestamp="2025-11-05T09:31:24 IST">
  <testcase classname="com.dcentmass.maventous_mobile_framework.Login_ptc" name="validLogin" time="15.513">
    <failure type="java.lang.AssertionError" message="expected [Signin Success. You ar in a free trial period] but found [Signin Success. You are in a free trial period]">
      <![CDATA[java.lang.AssertionError: expected [Signin Success. You ar in a free trial period] but found [Signin Success. You are in a free trial period]
at com.dcentmass.maventous_mobile_framework.Login_ptc.validLogin(Login_ptc.java:29)
at java.base/java.util.ArrayList.forEach(ArrayList.java:1596)
... Removed 31 stack frames]]>
    </failure>
  </testcase> <!-- validLogin -->
</testsuite> <!-- Positive Test Case -->
